Arguments: 
  C:\Program Files\nodejs\node.exe C:\Users\Jupiter\AppData\Roaming\npm\node_modules\yarn\bin\yarn.js init

PATH: 
  C:\Program Files (x86)\Common Files\Oracle\Java\javapath;C:\Windows\system32;C:\Windows;C:\Windows\System32\Wbem;C:\Windows\System32\WindowsPowerShell\v1.0\;C:\Windows\System32\OpenSSH\;C:\Program Files\NVIDIA Corporation\NVIDIA NGX;C:\Program Files (x86)\NVIDIA Corporation\PhysX\Common;C:\Program Files\NVIDIA Corporation\NVIDIA NvDLISR;C:\WINDOWS\system32;C:\WINDOWS;C:\WINDOWS\System32\Wbem;C:\WINDOWS\System32\WindowsPowerShell\v1.0\;C:\WINDOWS\System32\OpenSSH\;C:\ProgramData\chocolatey\bin;C:\Program Files\dotnet\;C:\Program Files\Microsoft SQL Server\130\Tools\Binn\;C:\Program Files\Microsoft SQL Server\Client SDK\ODBC\170\Tools\Binn\;C:\Program Files\Java\jre1.8.0_231\bin;C:\Program Files\Java\jdk-13.0.1\bin;C:\Program Files\Microsoft\Web Platform Installer\;C:\Program Files\Git\cmd;C:\Program Files\nodejs\;C:\Program Files\Docker\Docker\resources\bin;C:\ProgramData\DockerDesktop\version-bin;C:\Users\Jupiter\AppData\Local\Microsoft\WindowsApps;C:\Program Files\Bandizip\;C:\Users\Jupiter\AppData\Local\Programs\Microsoft VS Code\bin;C:\Users\Jupiter\AppData\Local\atom\bin;C:\Users\Jupiter\.dotnet\tools;C:\Users\Jupiter\AppData\Local\Microsoft\WindowsApps;D:\STUDY\Flutter\flutter_windows_1.22.3-stable\flutter\bin;C:\Users\Jupiter\AppData\Roaming\npm

Yarn version: 
  1.22.10

Node version: 
  15.2.1

Platform: 
  win32 x64

Trace: 
  Error: canceled
      at Interface.<anonymous> (C:\Users\Jupiter\AppData\Roaming\npm\node_modules\yarn\lib\cli.js:136216:13)
      at Interface.emit (node:events:329:20)
      at Interface._ttyWrite (node:readline:875:16)
      at ReadStream.onkeypress (node:readline:213:10)
      at ReadStream.emit (node:events:329:20)
      at emitKeys (node:internal/readline/utils:345:14)
      at emitKeys.next (<anonymous>)
      at ReadStream.onData (node:readline:1144:36)
      at ReadStream.emit (node:events:329:20)
      at addChunk (node:internal/streams/readable:304:12)

npm manifest: 
  No manifest

yarn manifest: 
  No manifest

Lockfile: 
  No lockfile
